<?xml version="1.0" encoding="UTF-8"?>
<testsuite xmlns:xsi="http://www.w3.org/2001/XMLSchema-instance" xsi:noNamespaceSchemaLocation="https://maven.apache.org/surefire/maven-surefire-plugin/xsd/surefire-test-report.xsd" name="test.CucumberTest" time="115.453" tests="64" errors="0" skipped="0" failures="0">
  <properties>
    <property name="sun.desktop" value="windows"/>
    <property name="awt.toolkit" value="sun.awt.windows.WToolkit"/>
    <property name="file.encoding.pkg" value="sun.io"/>
    <property name="java.specification.version" value="1.8"/>
    <property name="sun.cpu.isalist" value="amd64"/>
    <property name="sun.jnu.encoding" value="Cp1251"/>
    <property name="java.class.path" value="C:\Users\Tarab\IdeaProjects\LanitCucumberAllure3.0\target\test-classes;C:\Users\Tarab\IdeaProjects\LanitCucumberAllure3.0\target\classes;C:\Users\Tarab\.m2\repository\io\qameta\allure\allure-junit4\2.13.2\allure-junit4-2.13.2.jar;C:\Users\Tarab\.m2\repository\io\qameta\allure\allure-java-commons\2.13.2\allure-java-commons-2.13.2.jar;C:\Users\Tarab\.m2\repository\io\qameta\allure\allure-model\2.13.2\allure-model-2.13.2.jar;C:\Users\Tarab\.m2\repository\com\fasterxml\jackson\core\jackson-databind\2.9.8\jackson-databind-2.9.8.jar;C:\Users\Tarab\.m2\repository\com\fasterxml\jackson\core\jackson-annotations\2.9.0\jackson-annotations-2.9.0.jar;C:\Users\Tarab\.m2\repository\com\fasterxml\jackson\core\jackson-core\2.9.8\jackson-core-2.9.8.jar;C:\Users\Tarab\.m2\repository\org\apache\tika\tika-core\1.20\tika-core-1.20.jar;C:\Users\Tarab\.m2\repository\org\jooq\joor-java-8\0.9.10\joor-java-8-0.9.10.jar;C:\Users\Tarab\.m2\repository\info\cukes\cucumber-java\1.2.5\cucumber-java-1.2.5.jar;C:\Users\Tarab\.m2\repository\info\cukes\cucumber-core\1.2.5\cucumber-core-1.2.5.jar;C:\Users\Tarab\.m2\repository\info\cukes\cucumber-html\0.2.3\cucumber-html-0.2.3.jar;C:\Users\Tarab\.m2\repository\info\cukes\cucumber-jvm-deps\1.0.5\cucumber-jvm-deps-1.0.5.jar;C:\Users\Tarab\.m2\repository\info\cukes\gherkin\2.12.2\gherkin-2.12.2.jar;C:\Users\Tarab\.m2\repository\info\cukes\cucumber-junit\1.2.4\cucumber-junit-1.2.4.jar;C:\Users\Tarab\.m2\repository\junit\junit\4.13\junit-4.13.jar;C:\Users\Tarab\.m2\repository\org\hamcrest\hamcrest-core\1.3\hamcrest-core-1.3.jar;C:\Users\Tarab\.m2\repository\org\seleniumhq\selenium\selenium-java\3.141.59\selenium-java-3.141.59.jar;C:\Users\Tarab\.m2\repository\org\seleniumhq\selenium\selenium-api\3.141.59\selenium-api-3.141.59.jar;C:\Users\Tarab\.m2\repository\org\seleniumhq\selenium\selenium-chrome-driver\3.141.59\selenium-chrome-driver-3.141.59.jar;C:\Users\Tarab\.m2\repository\org\seleniumhq\selenium\selenium-edge-driver\3.141.59\selenium-edge-driver-3.141.59.jar;C:\Users\Tarab\.m2\repository\org\seleniumhq\selenium\selenium-firefox-driver\3.141.59\selenium-firefox-driver-3.141.59.jar;C:\Users\Tarab\.m2\repository\org\seleniumhq\selenium\selenium-ie-driver\3.141.59\selenium-ie-driver-3.141.59.jar;C:\Users\Tarab\.m2\repository\org\seleniumhq\selenium\selenium-opera-driver\3.141.59\selenium-opera-driver-3.141.59.jar;C:\Users\Tarab\.m2\repository\org\seleniumhq\selenium\selenium-remote-driver\3.141.59\selenium-remote-driver-3.141.59.jar;C:\Users\Tarab\.m2\repository\org\seleniumhq\selenium\selenium-safari-driver\3.141.59\selenium-safari-driver-3.141.59.jar;C:\Users\Tarab\.m2\repository\org\seleniumhq\selenium\selenium-support\3.141.59\selenium-support-3.141.59.jar;C:\Users\Tarab\.m2\repository\net\bytebuddy\byte-buddy\1.8.15\byte-buddy-1.8.15.jar;C:\Users\Tarab\.m2\repository\org\apache\commons\commons-exec\1.3\commons-exec-1.3.jar;C:\Users\Tarab\.m2\repository\com\google\guava\guava\25.0-jre\guava-25.0-jre.jar;C:\Users\Tarab\.m2\repository\com\google\code\findbugs\jsr305\1.3.9\jsr305-1.3.9.jar;C:\Users\Tarab\.m2\repository\org\checkerframework\checker-compat-qual\2.0.0\checker-compat-qual-2.0.0.jar;C:\Users\Tarab\.m2\repository\com\google\errorprone\error_prone_annotations\2.1.3\error_prone_annotations-2.1.3.jar;C:\Users\Tarab\.m2\repository\com\google\j2objc\j2objc-annotations\1.1\j2objc-annotations-1.1.jar;C:\Users\Tarab\.m2\repository\org\codehaus\mojo\animal-sniffer-annotations\1.14\animal-sniffer-annotations-1.14.jar;C:\Users\Tarab\.m2\repository\com\squareup\okhttp3\okhttp\3.11.0\okhttp-3.11.0.jar;C:\Users\Tarab\.m2\repository\com\squareup\okio\okio\1.14.0\okio-1.14.0.jar;C:\Users\Tarab\.m2\repository\org\seleniumhq\selenium\selenium-server\3.141.59\selenium-server-3.141.59.jar;C:\Users\Tarab\.m2\repository\com\beust\jcommander\1.72\jcommander-1.72.jar;C:\Users\Tarab\.m2\repository\net\jcip\jcip-annotations\1.0\jcip-annotations-1.0.jar;C:\Users\Tarab\.m2\repository\org\seleniumhq\selenium\jetty-repacked\9.4.12.v20180830\jetty-repacked-9.4.12.v20180830.jar;C:\Users\Tarab\.m2\repository\javax\servlet\javax.servlet-api\3.1.0\javax.servlet-api-3.1.0.jar;C:\Users\Tarab\.m2\repository\org\yaml\snakeyaml\1.19\snakeyaml-1.19.jar;C:\Users\Tarab\.m2\repository\org\slf4j\slf4j-api\1.7.25\slf4j-api-1.7.25.jar;C:\Users\Tarab\.m2\repository\ru\yandex\qatools\allure\allure-junit-adaptor\1.5.4\allure-junit-adaptor-1.5.4.jar;C:\Users\Tarab\.m2\repository\ru\yandex\qatools\allure\allure-java-aspects\1.5.4\allure-java-aspects-1.5.4.jar;C:\Users\Tarab\.m2\repository\ru\yandex\qatools\allure\allure-java-adaptor-api\1.5.4\allure-java-adaptor-api-1.5.4.jar;C:\Users\Tarab\.m2\repository\ru\yandex\qatools\allure\allure-java-annotations\1.5.4\allure-java-annotations-1.5.4.jar;C:\Users\Tarab\.m2\repository\ru\yandex\qatools\allure\allure-model\1.5.4\allure-model-1.5.4.jar;C:\Users\Tarab\.m2\repository\org\jvnet\jaxb2_commons\jaxb2-basics-runtime\0.9.3\jaxb2-basics-runtime-0.9.3.jar;C:\Users\Tarab\.m2\repository\ru\qatools\commons\properties\2.0.RC5\properties-2.0.RC5.jar;C:\Users\Tarab\.m2\repository\org\aspectj\aspectjrt\1.8.3\aspectjrt-1.8.3.jar;C:\Users\Tarab\.m2\repository\io\qameta\allure\allure-cucumber4-jvm\2.13.2\allure-cucumber4-jvm-2.13.2.jar;C:\Users\Tarab\.m2\repository\io\cucumber\cucumber-core\4.7.2\cucumber-core-4.7.2.jar;C:\Users\Tarab\.m2\repository\io\cucumber\gherkin\5.1.0\gherkin-5.1.0.jar;C:\Users\Tarab\.m2\repository\io\cucumber\tag-expressions\1.1.1\tag-expressions-1.1.1.jar;C:\Users\Tarab\.m2\repository\io\cucumber\cucumber-expressions\7.0.2\cucumber-expressions-7.0.2.jar;C:\Users\Tarab\.m2\repository\io\cucumber\datatable\1.1.14\datatable-1.1.14.jar;C:\Users\Tarab\.m2\repository\io\cucumber\datatable-dependencies\1.1.14\datatable-dependencies-1.1.14.jar;C:\Users\Tarab\.m2\repository\org\apiguardian\apiguardian-api\1.1.0\apiguardian-api-1.1.0.jar;C:\Users\Tarab\.m2\repository\io\cucumber\cucumber-java\4.7.2\cucumber-java-4.7.2.jar;C:\Users\Tarab\.m2\repository\org\junit\jupiter\junit-jupiter\5.4.2\junit-jupiter-5.4.2.jar;C:\Users\Tarab\.m2\repository\org\junit\jupiter\junit-jupiter-api\5.4.2\junit-jupiter-api-5.4.2.jar;C:\Users\Tarab\.m2\repository\org\opentest4j\opentest4j\1.1.1\opentest4j-1.1.1.jar;C:\Users\Tarab\.m2\repository\org\junit\platform\junit-platform-commons\1.4.2\junit-platform-commons-1.4.2.jar;C:\Users\Tarab\.m2\repository\org\junit\jupiter\junit-jupiter-params\5.4.2\junit-jupiter-params-5.4.2.jar;C:\Users\Tarab\.m2\repository\org\junit\jupiter\junit-jupiter-engine\5.4.2\junit-jupiter-engine-5.4.2.jar;C:\Users\Tarab\.m2\repository\org\junit\platform\junit-platform-engine\1.4.2\junit-platform-engine-1.4.2.jar;"/>
    <property name="java.vm.vendor" value="Oracle Corporation"/>
    <property name="sun.arch.data.model" value="64"/>
    <property name="user.variant" value=""/>
    <property name="java.vendor.url" value="http://java.oracle.com/"/>
    <property name="user.timezone" value=""/>
    <property name="java.vm.specification.version" value="1.8"/>
    <property name="os.name" value="Windows 10"/>
    <property name="user.country" value="RU"/>
    <property name="sun.java.launcher" value="SUN_STANDARD"/>
    <property name="sun.boot.library.path" value="C:\Program Files\Java\jdk1.8.0_221\jre\bin"/>
    <property name="sun.java.command" value="C:\Users\Tarab\AppData\Local\Temp\surefire4152233441154771767\surefirebooter3913163110291930433.jar C:\Users\Tarab\AppData\Local\Temp\surefire4152233441154771767 2020-04-19T18-19-09_220-jvmRun1 surefire3110904639939606928tmp surefire_09167001134593198146tmp"/>
    <property name="surefire.test.class.path" value="C:\Users\Tarab\IdeaProjects\LanitCucumberAllure3.0\target\test-classes;C:\Users\Tarab\IdeaProjects\LanitCucumberAllure3.0\target\classes;C:\Users\Tarab\.m2\repository\io\qameta\allure\allure-junit4\2.13.2\allure-junit4-2.13.2.jar;C:\Users\Tarab\.m2\repository\io\qameta\allure\allure-java-commons\2.13.2\allure-java-commons-2.13.2.jar;C:\Users\Tarab\.m2\repository\io\qameta\allure\allure-model\2.13.2\allure-model-2.13.2.jar;C:\Users\Tarab\.m2\repository\com\fasterxml\jackson\core\jackson-databind\2.9.8\jackson-databind-2.9.8.jar;C:\Users\Tarab\.m2\repository\com\fasterxml\jackson\core\jackson-annotations\2.9.0\jackson-annotations-2.9.0.jar;C:\Users\Tarab\.m2\repository\com\fasterxml\jackson\core\jackson-core\2.9.8\jackson-core-2.9.8.jar;C:\Users\Tarab\.m2\repository\org\apache\tika\tika-core\1.20\tika-core-1.20.jar;C:\Users\Tarab\.m2\repository\org\jooq\joor-java-8\0.9.10\joor-java-8-0.9.10.jar;C:\Users\Tarab\.m2\repository\info\cukes\cucumber-java\1.2.5\cucumber-java-1.2.5.jar;C:\Users\Tarab\.m2\repository\info\cukes\cucumber-core\1.2.5\cucumber-core-1.2.5.jar;C:\Users\Tarab\.m2\repository\info\cukes\cucumber-html\0.2.3\cucumber-html-0.2.3.jar;C:\Users\Tarab\.m2\repository\info\cukes\cucumber-jvm-deps\1.0.5\cucumber-jvm-deps-1.0.5.jar;C:\Users\Tarab\.m2\repository\info\cukes\gherkin\2.12.2\gherkin-2.12.2.jar;C:\Users\Tarab\.m2\repository\info\cukes\cucumber-junit\1.2.4\cucumber-junit-1.2.4.jar;C:\Users\Tarab\.m2\repository\junit\junit\4.13\junit-4.13.jar;C:\Users\Tarab\.m2\repository\org\hamcrest\hamcrest-core\1.3\hamcrest-core-1.3.jar;C:\Users\Tarab\.m2\repository\org\seleniumhq\selenium\selenium-java\3.141.59\selenium-java-3.141.59.jar;C:\Users\Tarab\.m2\repository\org\seleniumhq\selenium\selenium-api\3.141.59\selenium-api-3.141.59.jar;C:\Users\Tarab\.m2\repository\org\seleniumhq\selenium\selenium-chrome-driver\3.141.59\selenium-chrome-driver-3.141.59.jar;C:\Users\Tarab\.m2\repository\org\seleniumhq\selenium\selenium-edge-driver\3.141.59\selenium-edge-driver-3.141.59.jar;C:\Users\Tarab\.m2\repository\org\seleniumhq\selenium\selenium-firefox-driver\3.141.59\selenium-firefox-driver-3.141.59.jar;C:\Users\Tarab\.m2\repository\org\seleniumhq\selenium\selenium-ie-driver\3.141.59\selenium-ie-driver-3.141.59.jar;C:\Users\Tarab\.m2\repository\org\seleniumhq\selenium\selenium-opera-driver\3.141.59\selenium-opera-driver-3.141.59.jar;C:\Users\Tarab\.m2\repository\org\seleniumhq\selenium\selenium-remote-driver\3.141.59\selenium-remote-driver-3.141.59.jar;C:\Users\Tarab\.m2\repository\org\seleniumhq\selenium\selenium-safari-driver\3.141.59\selenium-safari-driver-3.141.59.jar;C:\Users\Tarab\.m2\repository\org\seleniumhq\selenium\selenium-support\3.141.59\selenium-support-3.141.59.jar;C:\Users\Tarab\.m2\repository\net\bytebuddy\byte-buddy\1.8.15\byte-buddy-1.8.15.jar;C:\Users\Tarab\.m2\repository\org\apache\commons\commons-exec\1.3\commons-exec-1.3.jar;C:\Users\Tarab\.m2\repository\com\google\guava\guava\25.0-jre\guava-25.0-jre.jar;C:\Users\Tarab\.m2\repository\com\google\code\findbugs\jsr305\1.3.9\jsr305-1.3.9.jar;C:\Users\Tarab\.m2\repository\org\checkerframework\checker-compat-qual\2.0.0\checker-compat-qual-2.0.0.jar;C:\Users\Tarab\.m2\repository\com\google\errorprone\error_prone_annotations\2.1.3\error_prone_annotations-2.1.3.jar;C:\Users\Tarab\.m2\repository\com\google\j2objc\j2objc-annotations\1.1\j2objc-annotations-1.1.jar;C:\Users\Tarab\.m2\repository\org\codehaus\mojo\animal-sniffer-annotations\1.14\animal-sniffer-annotations-1.14.jar;C:\Users\Tarab\.m2\repository\com\squareup\okhttp3\okhttp\3.11.0\okhttp-3.11.0.jar;C:\Users\Tarab\.m2\repository\com\squareup\okio\okio\1.14.0\okio-1.14.0.jar;C:\Users\Tarab\.m2\repository\org\seleniumhq\selenium\selenium-server\3.141.59\selenium-server-3.141.59.jar;C:\Users\Tarab\.m2\repository\com\beust\jcommander\1.72\jcommander-1.72.jar;C:\Users\Tarab\.m2\repository\net\jcip\jcip-annotations\1.0\jcip-annotations-1.0.jar;C:\Users\Tarab\.m2\repository\org\seleniumhq\selenium\jetty-repacked\9.4.12.v20180830\jetty-repacked-9.4.12.v20180830.jar;C:\Users\Tarab\.m2\repository\javax\servlet\javax.servlet-api\3.1.0\javax.servlet-api-3.1.0.jar;C:\Users\Tarab\.m2\repository\org\yaml\snakeyaml\1.19\snakeyaml-1.19.jar;C:\Users\Tarab\.m2\repository\org\slf4j\slf4j-api\1.7.25\slf4j-api-1.7.25.jar;C:\Users\Tarab\.m2\repository\ru\yandex\qatools\allure\allure-junit-adaptor\1.5.4\allure-junit-adaptor-1.5.4.jar;C:\Users\Tarab\.m2\repository\ru\yandex\qatools\allure\allure-java-aspects\1.5.4\allure-java-aspects-1.5.4.jar;C:\Users\Tarab\.m2\repository\ru\yandex\qatools\allure\allure-java-adaptor-api\1.5.4\allure-java-adaptor-api-1.5.4.jar;C:\Users\Tarab\.m2\repository\ru\yandex\qatools\allure\allure-java-annotations\1.5.4\allure-java-annotations-1.5.4.jar;C:\Users\Tarab\.m2\repository\ru\yandex\qatools\allure\allure-model\1.5.4\allure-model-1.5.4.jar;C:\Users\Tarab\.m2\repository\org\jvnet\jaxb2_commons\jaxb2-basics-runtime\0.9.3\jaxb2-basics-runtime-0.9.3.jar;C:\Users\Tarab\.m2\repository\ru\qatools\commons\properties\2.0.RC5\properties-2.0.RC5.jar;C:\Users\Tarab\.m2\repository\org\aspectj\aspectjrt\1.8.3\aspectjrt-1.8.3.jar;C:\Users\Tarab\.m2\repository\io\qameta\allure\allure-cucumber4-jvm\2.13.2\allure-cucumber4-jvm-2.13.2.jar;C:\Users\Tarab\.m2\repository\io\cucumber\cucumber-core\4.7.2\cucumber-core-4.7.2.jar;C:\Users\Tarab\.m2\repository\io\cucumber\gherkin\5.1.0\gherkin-5.1.0.jar;C:\Users\Tarab\.m2\repository\io\cucumber\tag-expressions\1.1.1\tag-expressions-1.1.1.jar;C:\Users\Tarab\.m2\repository\io\cucumber\cucumber-expressions\7.0.2\cucumber-expressions-7.0.2.jar;C:\Users\Tarab\.m2\repository\io\cucumber\datatable\1.1.14\datatable-1.1.14.jar;C:\Users\Tarab\.m2\repository\io\cucumber\datatable-dependencies\1.1.14\datatable-dependencies-1.1.14.jar;C:\Users\Tarab\.m2\repository\org\apiguardian\apiguardian-api\1.1.0\apiguardian-api-1.1.0.jar;C:\Users\Tarab\.m2\repository\io\cucumber\cucumber-java\4.7.2\cucumber-java-4.7.2.jar;C:\Users\Tarab\.m2\repository\org\junit\jupiter\junit-jupiter\5.4.2\junit-jupiter-5.4.2.jar;C:\Users\Tarab\.m2\repository\org\junit\jupiter\junit-jupiter-api\5.4.2\junit-jupiter-api-5.4.2.jar;C:\Users\Tarab\.m2\repository\org\opentest4j\opentest4j\1.1.1\opentest4j-1.1.1.jar;C:\Users\Tarab\.m2\repository\org\junit\platform\junit-platform-commons\1.4.2\junit-platform-commons-1.4.2.jar;C:\Users\Tarab\.m2\repository\org\junit\jupiter\junit-jupiter-params\5.4.2\junit-jupiter-params-5.4.2.jar;C:\Users\Tarab\.m2\repository\org\junit\jupiter\junit-jupiter-engine\5.4.2\junit-jupiter-engine-5.4.2.jar;C:\Users\Tarab\.m2\repository\org\junit\platform\junit-platform-engine\1.4.2\junit-platform-engine-1.4.2.jar;"/>
    <property name="sun.cpu.endian" value="little"/>
    <property name="allure.results.directory" value="C:\Users\Tarab\IdeaProjects\LanitCucumberAllure3.0\target/allure-results"/>
    <property name="user.home" value="C:\Users\Tarab"/>
    <property name="user.language" value="ru"/>
    <property name="java.specification.vendor" value="Oracle Corporation"/>
    <property name="java.home" value="C:\Program Files\Java\jdk1.8.0_221\jre"/>
    <property name="basedir" value="C:\Users\Tarab\IdeaProjects\LanitCucumberAllure3.0"/>
    <property name="file.separator" value="\"/>
    <property name="line.separator" value="&#10;"/>
    <property name="java.vm.specification.vendor" value="Oracle Corporation"/>
    <property name="java.specification.name" value="Java Platform API Specification"/>
    <property name="java.awt.graphicsenv" value="sun.awt.Win32GraphicsEnvironment"/>
    <property name="surefire.real.class.path" value="C:\Users\Tarab\AppData\Local\Temp\surefire4152233441154771767\surefirebooter3913163110291930433.jar;C:\Users\Tarab\.m2\repository/org/aspectj/aspectjweaver/1.8.10/aspectjweaver-1.8.10.jar"/>
    <property name="sun.boot.class.path" value="C:\Program Files\Java\jdk1.8.0_221\jre\lib\resources.jar;C:\Program Files\Java\jdk1.8.0_221\jre\lib\rt.jar;C:\Program Files\Java\jdk1.8.0_221\jre\lib\sunrsasign.jar;C:\Program Files\Java\jdk1.8.0_221\jre\lib\jsse.jar;C:\Program Files\Java\jdk1.8.0_221\jre\lib\jce.jar;C:\Program Files\Java\jdk1.8.0_221\jre\lib\charsets.jar;C:\Program Files\Java\jdk1.8.0_221\jre\lib\jfr.jar;C:\Program Files\Java\jdk1.8.0_221\jre\classes"/>
    <property name="user.script" value=""/>
    <property name="sun.management.compiler" value="HotSpot 64-Bit Tiered Compilers"/>
    <property name="java.runtime.version" value="1.8.0_221-b11"/>
    <property name="user.name" value="Tarab"/>
    <property name="path.separator" value=";"/>
    <property name="os.version" value="10.0"/>
    <property name="java.endorsed.dirs" value="C:\Program Files\Java\jdk1.8.0_221\jre\lib\endorsed"/>
    <property name="java.runtime.name" value="Java(TM) SE Runtime Environment"/>
    <property name="file.encoding" value="Cp1251"/>
    <property name="java.vm.name" value="Java HotSpot(TM) 64-Bit Server VM"/>
    <property name="localRepository" value="C:\Users\Tarab\.m2\repository"/>
    <property name="java.vendor.url.bug" value="http://bugreport.sun.com/bugreport/"/>
    <property name="java.io.tmpdir" value="C:\Users\Tarab\AppData\Local\Temp\"/>
    <property name="java.version" value="1.8.0_221"/>
    <property name="user.dir" value="C:\Users\Tarab\IdeaProjects\LanitCucumberAllure3.0"/>
    <property name="os.arch" value="amd64"/>
    <property name="java.vm.specification.name" value="Java Virtual Machine Specification"/>
    <property name="java.awt.printerjob" value="sun.awt.windows.WPrinterJob"/>
    <property name="sun.os.patch.level" value=""/>
    <property name="java.library.path" value="C:\Program Files\Java\jdk1.8.0_221\jre\bin;C:\WINDOWS\Sun\Java\bin;C:\WINDOWS\system32;C:\WINDOWS;C:\Users\Tarab\OneDrive\Desktop\mySqlJar;C:\Program Files\Microsoft MPI\Bin\;C:\Windows\system32;C:\Windows;C:\Windows\System32\Wbem;C:\Windows\System32\WindowsPowerShell\v1.0\;C:\Program Files (x86)\NVIDIA Corporation\PhysX\Common;C:\Program Files (x86)\Microsoft SQL Server\140\Tools\Binn\;C:\Program Files (x86)\Microsoft SQL Server\140\DTS\Binn\;C:\Program Files (x86)\Microsoft SQL Server\Client SDK\ODBC\130\Tools\Binn\;C:\Program Files (x86)\Microsoft SQL Server\140\Tools\Binn\ManagementStudio\;C:\Program Files\Git\cmd;C:\Program Files\Java\jdk-10.0.2\bin;C:\Program Files (x86)\Brackets\command;C:\WINDOWS\system32;C:\WINDOWS;C:\WINDOWS\System32\Wbem;C:\WINDOWS\System32\WindowsPowerShell\v1.0\;C:\WINDOWS\System32\OpenSSH\;C:\Program Files (x86)\Yarn\bin\;C:\Program Files\PuTTY\;C:\mysql\bin;C:\Program Files\nodejs\;C:\Program Files (x86)\GtkSharp\2.12\bin;C:\WINDOWS\system32\config\systemprofile\.dnx\bin;C:\Program Files\Microsoft DNX\Dnvm\;C:\Program Files\dotnet\;C:\MAVEN\apache-maven-3.6.3\bin;C:\Gradle\gradle-6.1.1\bin;C:\Users\Tarab\OneDrive\Desktop\mysql-connector-java-8.0.19;C:\Program Files\Microsoft SQL Server\Client SDK\ODBC\130\Tools\Binn\;C:\Program Files\Microsoft SQL Server\140\Tools\Binn\;C:\Program Files\Microsoft SQL Server\140\DTS\Binn\;C:\Program Files (x86)\Microsoft SQL Server\150\DTS\Binn\;C:\Drivers for Browsers\firefoxDriver\geckodriver-v0.26.0-win64;C:\Drivers_for_Browsers\firefoxDriver\geckodriver-v0.25.0-win64;H:\Drivers for Browsers\chromedriver_win32 79;C:\Drivers_for_Browsers\chromedriver_win32_80;C:\Drivers_for_Browsers\firefoxDriver\geckodriver-v0.24.0-win64;C:\Drivers_for_Browsers\IEDriver\IEDriverServer_Win32_3.9.0;C:\Drivers_for_Browsers\IEDriver\IEDriverServer_x64_3.7.0;C:\Drivers_for_Browsers\IEDriver\IEDriverServer_Win32_3.9.0\IEDriverServer.exe;C:\Drivers_for_Browsers\DriverEdge\edgedriver_win64;C:\Program Files\MySQL\MySQL Shell 8.0\bin\;C:\Users\Tarab\AppData\Local\Programs\Microsoft VS Code\bin;C:\Users\Tarab\AppData\Local\Yarn\bin;C:\Users\Tarab\AppData\Local\Microsoft\WindowsApps;C:\Users\Tarab\AppData\Roaming\npm;C:\Program Files\Java\jdk1.8.0_221\bin;C:\Program Files\Maven\bin;C:\Users\Tarab\OneDrive\Desktop\mySqlJar;C:\Drivers for Browsers\chromedriver_win32 79;C:\Drivers for Browsers\firefoxDriver\geckodriver-v0.25.0-win64;C:\Program Files\Firefox Nightly\firefox.exe;;."/>
    <property name="java.vm.info" value="mixed mode"/>
    <property name="java.vendor" value="Oracle Corporation"/>
    <property name="java.vm.version" value="25.221-b11"/>
    <property name="java.ext.dirs" value="C:\Program Files\Java\jdk1.8.0_221\jre\lib\ext;C:\WINDOWS\Sun\Java\lib\ext"/>
    <property name="sun.io.unicode.encoding" value="UnicodeLittle"/>
    <property name="java.class.version" value="52.0"/>
  </properties>
  <testcase name="Когда кликнуть на кнопку Войти" classname="Сценарий: Авторизация" time="0.053"/>
  <testcase name="Тогда проверка что появилось модальное окно авторизации" classname="Сценарий: Авторизация" time="0.005"/>
  <testcase name="Когда ввести логин Alexandr11" classname="Сценарий: Авторизация" time="0.005"/>
  <testcase name="Когда ввести пароль 1ybrjkfc89" classname="Сценарий: Авторизация" time="0.007"/>
  <testcase name="Тогда подтвердить авторизацию кнопкой Войти" classname="Сценарий: Авторизация" time="0"/>
  <testcase name="Тогда проверить авторизацию убедившись что появилась иконка профиля" classname="Сценарий: Авторизация" time="0.006"/>
  <testcase name="Сценарий: Авторизация" classname="Сценарий: Авторизация" time="0.007"/>
  <testcase name="Когда авторизация для выбора темы" classname="Сценарий: Выбор темы из категории" time="0.034"/>
  <testcase name="Когда выбрать вкладку Категории" classname="Сценарий: Выбор темы из категории" time="0.003"/>
  <testcase name="Тогда убедится что вкладка выбрана проверкой названия Заголовка" classname="Сценарий: Выбор темы из категории" time="0.003"/>
  <testcase name="Когда выбрать категорию" classname="Сценарий: Выбор темы из категории" time="0.001"/>
  <testcase name="Когда просмотреть тему" classname="Сценарий: Выбор темы из категории" time="0.007"/>
  <testcase name="Когда выйти из браузера после просмотра темы" classname="Сценарий: Выбор темы из категории" time="0.003"/>
  <testcase name="Сценарий: Выбор темы из категории" classname="Сценарий: Выбор темы из категории" time="0.004"/>
  <testcase name="Когда авторизация для смены аватара" classname="Сценарий: Изменить аватар" time="0.014"/>
  <testcase name="Когда кликнуть на профиль" classname="Сценарий: Изменить аватар" time="0.002"/>
  <testcase name="Когда кликнуть Изменить аватар" classname="Сценарий: Изменить аватар" time="0.003"/>
  <testcase name="Когда кликнуть Сгенерировать индивидуальную аватарку" classname="Сценарий: Изменить аватар" time="0.002"/>
  <testcase name="Тогда проверка алерт сообщение Новый аватар основанный на вашем аккаунте был установлен." classname="Сценарий: Изменить аватар" time="0.002"/>
  <testcase name="Когда выйти из браузера после изменения аватара" classname="Сценарий: Изменить аватар" time="0.002"/>
  <testcase name="Сценарий: Изменить аватар" classname="Сценарий: Изменить аватар" time="0.003"/>
  <testcase name="Когда авторизация для создания темы" classname="Сценарий: Создание новой темы" time="0"/>
  <testcase name="Когда кликнуть по кнопке Новая тема" classname="Сценарий: Создание новой темы" time="0.004"/>
  <testcase name="Когда ввести текст My new theme в поле заголовка темы" classname="Сценарий: Создание новой темы" time="0.004"/>
  <testcase name="Когда ввести основной текст This is theme for my graduation work для новой темы" classname="Сценарий: Создание новой темы" time="0.002"/>
  <testcase name="Когда запостить тему" classname="Сценарий: Создание новой темы" time="0"/>
  <testcase name="Тогда убедится что тема создана проверив ee присутствие в списке тем" classname="Сценарий: Создание новой темы" time="0.004"/>
  <testcase name="Сценарий: Создание новой темы" classname="Сценарий: Создание новой темы" time="0.006"/>
  <testcase name="Когда авторизация для редактирования темы" classname="Сценарий: Редактируем тему" time="0.007"/>
  <testcase name="Когда кликнуть по вкладке Темы" classname="Сценарий: Редактируем тему" time="0.003"/>
  <testcase name="Когда кликнуть по вкладке Мои" classname="Сценарий: Редактируем тему" time="0.008"/>
  <testcase name="Когда кликнуть на выбранную тему" classname="Сценарий: Редактируем тему" time="0.001"/>
  <testcase name="Когда кликнуть кнопку Изменить" classname="Сценарий: Редактируем тему" time="0.002"/>
  <testcase name="Когда ввести новый текст This is new text и внести изменения" classname="Сценарий: Редактируем тему" time="0.008"/>
  <testcase name="Тогда убедиться что тема изменена на This is new text" classname="Сценарий: Редактируем тему" time="0.002"/>
  <testcase name="Сценарий: Редактируем тему" classname="Сценарий: Редактируем тему" time="0.003"/>
  <testcase name="Когда авторизация для проверки выходы из профиля" classname="Сценарий: Выйти из профиля" time="0.005"/>
  <testcase name="Когда кликнуть на иконку профиля" classname="Сценарий: Выйти из профиля" time="0.002"/>
  <testcase name="Когда кликнуть кнопку Выход" classname="Сценарий: Выйти из профиля" time="0"/>
  <testcase name="Тогда убедиться что вышли из Профиля методом проверки отсутствия элемента иконки Профиля" classname="Сценарий: Выйти из профиля" time="0.003"/>
  <testcase name="Сценарий: Выйти из профиля" classname="Сценарий: Выйти из профиля" time="0.185"/>
  <testcase name="Когда авторизация для проверки функции Ответить" classname="Сценарий: Функция ответить" time="0.004"/>
  <testcase name="Когда выбрать тему" classname="Сценарий: Функция ответить" time="0.002"/>
  <testcase name="Когда нажать кнопку Ответить" classname="Сценарий: Функция ответить" time="0.001"/>
  <testcase name="Когда Набрать текст сообщения Привет" classname="Сценарий: Функция ответить" time="0.002"/>
  <testcase name="Когда нажать кнопку Отправить ответ" classname="Сценарий: Функция ответить" time="0.003"/>
  <testcase name="Тогда проверить что ответ отправлен поиском сообщения Привет" classname="Сценарий: Функция ответить" time="0.002"/>
  <testcase name="Сценарий: Функция ответить" classname="Сценарий: Функция ответить" time="0.004"/>
  <testcase name="Когда авторизация для проверки функции Лайк" classname="Сценарий: Функция Лайк" time="0.003"/>
  <testcase name="Когда нажать на вкладку Темы" classname="Сценарий: Функция Лайк" time="0.003"/>
  <testcase name="Когда нажать на вкладку Новые" classname="Сценарий: Функция Лайк" time="0.003"/>
  <testcase name="Когда кликнуть по новой теме" classname="Сценарий: Функция Лайк" time="0.002"/>
  <testcase name="Когда кликнуть по кнопке Лайк" classname="Сценарий: Функция Лайк" time="0.001"/>
  <testcase name="Тогда проверим что вместо кнопки Лайк появится кнопка с текстом Нравится" classname="Сценарий: Функция Лайк" time="0.002"/>
  <testcase name="Сценарий: Функция Лайк" classname="Сценарий: Функция Лайк" time="0.003"/>
  <testcase name="Когда авторизация для проверки функции поиска" classname="Сценарий: Проверка работы поиска" time="0.004"/>
  <testcase name="Когда кликнуть по иконке поиска" classname="Сценарий: Проверка работы поиска" time="0.002"/>
  <testcase name="Когда ввести текст Alexandr11 в поле для поиска и проверить есть ли совпадения" classname="Сценарий: Проверка работы поиска" time="0.002"/>
  <testcase name="Сценарий: Проверка работы поиска" classname="Сценарий: Проверка работы поиска" time="0.003"/>
  <testcase name="Когда авторизация для просмотра пользователей" classname="Сценарий: Просмотр пользователей" time="0.007"/>
  <testcase name="Когда выбрать вкладку Пользователи" classname="Сценарий: Просмотр пользователей" time="0.002"/>
  <testcase name="Когда выбрать вкладку Top posters" classname="Сценарий: Просмотр пользователей" time="0.002"/>
  <testcase name="Когда выбрать вкладку Forum team" classname="Сценарий: Просмотр пользователей" time="0.004"/>
  <testcase name="Сценарий: Просмотр пользователей" classname="Сценарий: Просмотр пользователей" time="0.007"/>
</testsuite>